<?xml version="1.0" encoding="UTF-8"?>
<!-- Generated by org.testng.reporters.JUnitReportReporter -->
<testsuite hostname="PC" name="runners.TestRunner" tests="1" failures="0" timestamp="25 Jul 2020 08:54:24 GMT" time="12.919" errors="0">
  <testcase name="feature" time="12.919" classname="runners.TestRunner"/>
</testsuite> <!-- runners.TestRunner -->
